app/build/outputs/logs/manifest-merger-debug-report.txt
-- Merging decision tree log ---
manifest
ADDED from src\main\AndroidManifest.xml:2:1-118:12
INJECTED from src\main\AndroidManifest.xml:2:1-118:12
INJECTED from src\main\AndroidManifest.xml:2:1-118:12
INJECTED from src\main\AndroidManifest.xml:2:1-118:12
MERGED from [com.android.support.constraint:constraint-layout:1.0.0-beta3] AndroidManifest.xml:2:1-11:12
MERGED from [com.android.support:recyclerview-v7:24.1.1] AndroidManifest.xml:17:1-22:12
MERGED from [com.android.support:support-v4:25.3.1] AndroidManifest.xml:17:1-31:12
MERGED from [com.android.support:support-fragment:25.3.1] AndroidManifest.xml:17:1-31:12
MERGED from [com.android.support:support-media-compat:25.3.1] AndroidManifest.xml:17:1-31:12
MERGED from [com.android.support:support-core-utils:25.3.1] AndroidManifest.xml:17:1-31:12
MERGED from [com.android.support:support-core-ui:25.3.1] AndroidManifest.xml:17:1-31:12
MERGED from [com.android.support:support-compat:25.3.1] AndroidManifest.xml:17:1-31:12
INJECTED from src\main\AndroidManifest.xml:2:1-118:12
INJECTED from src\main\AndroidManifest.xml:2:1-118:12
INJECTED from src\main\AndroidManifest.xml:2:1-118:12
	package
		ADDED from src\main\AndroidManifest.xml:3:5-41
		INJECTED from src\main\AndroidManifest.xml
		INJECTED from src\main\AndroidManifest.xml
	android:versionName
		INJECTED from src\main\AndroidManifest.xml
		ADDED from src\main\AndroidManifest.xml:2:1-118:12
		INJECTED from src\main\AndroidManifest.xml
	android:versionCode
		INJECTED from src\main\AndroidManifest.xml
		ADDED from src\main\AndroidManifest.xml:2:1-118:12
		INJECTED from src\main\AndroidManifest.xml
	xmlns:android
		ADDED from src\main\AndroidManifest.xml:2:11-69
uses-feature#0x00020000
ADDED from src\main\AndroidManifest.xml:5:5-7:35
	android:glEsVersion
		ADDED from src\main\AndroidManifest.xml:6:9-41
	android:required
		ADDED from src\main\AndroidManifest.xml:7:9-32
uses-permission#android.permission.WRITE_EXTERNAL_STORAGE
ADDED from src\main\AndroidManifest.xml:9:5-81
	android:name
		ADDED from src\main\AndroidManifest.xml:9:22-78
uses-permission#android.permission.READ_EXTERNAL_STORAGE
ADDED from src\main\AndroidManifest.xml:10:5-96
	android:name
		ADDED from src\main\AndroidManifest.xml:10:22-77
uses-permission#android.permission.MOUNT_UNMOUNT_FILESYSTEMS
ADDED from src\main\AndroidManifest.xml:11:5-84
	android:name
		ADDED from src\main\AndroidManifest.xml:11:22-81
uses-permission#android.permission.RECORD_AUDIO
ADDED from src\main\AndroidManifest.xml:13:5-71
	android:name
		ADDED from src\main\AndroidManifest.xml:13:22-68
uses-feature#android.hardware.camera
ADDED from src\main\AndroidManifest.xml:15:5-60
	android:name
		ADDED from src\main\AndroidManifest.xml:15:19-57
uses-feature#android.hardware.camera.autofocus
ADDED from src\main\AndroidManifest.xml:16:5-70
	android:name
		ADDED from src\main\AndroidManifest.xml:16:19-67
uses-permission#android.permission.CAMERA
ADDED from src\main\AndroidManifest.xml:18:5-65
	android:name
		ADDED from src\main\AndroidManifest.xml:18:22-62
uses-permission#android.permission.FLASHLIGHT
ADDED from src\main\AndroidManifest.xml:19:5-69
	android:name
		ADDED from src\main\AndroidManifest.xml:19:22-66
uses-permission#android.permission.INTERNET
ADDED from src\main\AndroidManifest.xml:20:5-67
	android:name
		ADDED from src\main\AndroidManifest.xml:20:22-64
application
ADDED from src\main\AndroidManifest.xml:23:5-116:19
MERGED from [com.android.support.constraint:constraint-layout:1.0.0-beta3] AndroidManifest.xml:9:5-20
MERGED from [com.android.support.constraint:constraint-layout:1.0.0-beta3] AndroidManifest.xml:9:5-20
MERGED from [com.android.support:support-v4:25.3.1] AndroidManifest.xml:29:5-20
MERGED from [com.android.support:support-v4:25.3.1] AndroidManifest.xml:29:5-20
MERGED from [com.android.support:support-fragment:25.3.1] AndroidManifest.xml:29:5-20
MERGED from [com.android.support:support-fragment:25.3.1] AndroidManifest.xml:29:5-20
MERGED from [com.android.support:support-media-compat:25.3.1] AndroidManifest.xml:29:5-20
MERGED from [com.android.support:support-media-compat:25.3.1] AndroidManifest.xml:29:5-20
MERGED from [com.android.support:support-core-utils:25.3.1] AndroidManifest.xml:29:5-20
MERGED from [com.android.support:support-core-utils:25.3.1] AndroidManifest.xml:29:5-20
MERGED from [com.android.support:support-core-ui:25.3.1] AndroidManifest.xml:29:5-20
MERGED from [com.android.support:support-core-ui:25.3.1] AndroidManifest.xml:29:5-20
MERGED from [com.android.support:support-compat:25.3.1] AndroidManifest.xml:29:5-20
MERGED from [com.android.support:support-compat:25.3.1] AndroidManifest.xml:29:5-20
	android:supportsRtl
		ADDED from src\main\AndroidManifest.xml:28:9-35
	android:label
		ADDED from src\main\AndroidManifest.xml:26:9-41
	android:roundIcon
		ADDED from src\main\AndroidManifest.xml:27:9-54
	android:icon
		ADDED from src\main\AndroidManifest.xml:25:9-43
	android:allowBackup
		ADDED from src\main\AndroidManifest.xml:24:9-35
	android:theme
		ADDED from src\main\AndroidManifest.xml:29:9-40
activity#com.desaco.practiceknowing.MainActivity
ADDED from src\main\AndroidManifest.xml:31:9-33:20
	android:name
		ADDED from src\main\AndroidManifest.xml:31:19-47
activity#com.desaco.practiceknowing.view_event_dispatch.CustomViewGroupEventActivity
ADDED from src\main\AndroidManifest.xml:34:9-36:20
	android:name
		ADDED from src\main\AndroidManifest.xml:34:19-109
activity#com.desaco.practiceknowing.activity.start_activity_for_result.OnActivityResultActivity
ADDED from src\main\AndroidManifest.xml:37:9-43:20
	android:name
		ADDED from src\main\AndroidManifest.xml:37:19-120
intent-filter#android.intent.action.MAIN+android.intent.category.LAUNCHER
ADDED from src\main\AndroidManifest.xml:38:13-42:29
action#android.intent.action.MAIN
ADDED from src\main\AndroidManifest.xml:39:17-69
	android:name
		ADDED from src\main\AndroidManifest.xml:39:25-66
category#android.intent.category.LAUNCHER
ADDED from src\main\AndroidManifest.xml:41:17-77
	android:name
		ADDED from src\main\AndroidManifest.xml:41:27-74
activity#com.desaco.practiceknowing.activity.start_activity_for_result.MoonActivity
ADDED from src\main\AndroidManifest.xml:44:9-46:20
	android:name
		ADDED from src\main\AndroidManifest.xml:44:19-108
activity#com.desaco.practiceknowing.activity.start_activity_for_result.MarsActivity
ADDED from src\main\AndroidManifest.xml:47:9-49:20
	android:name
		ADDED from src\main\AndroidManifest.xml:47:19-108
activity#com.desaco.practiceknowing.black_technology.hook.HookerMainActivity
ADDED from src\main\AndroidManifest.xml:51:9-53:20
	android:name
		ADDED from src\main\AndroidManifest.xml:51:19-101
activity#com.desaco.practiceknowing.black_technology.hook.HookerMain2Activity
ADDED from src\main\AndroidManifest.xml:54:9-105
	android:name
		ADDED from src\main\AndroidManifest.xml:54:19-102
activity#com.desaco.practiceknowing.animation.MatrixAnimatorActivity
ADDED from src\main\AndroidManifest.xml:56:9-58:20
	android:name
		ADDED from src\main\AndroidManifest.xml:56:19-93
activity#com.desaco.practiceknowing.native_method.CcallJava_CplusplusCallActivity
ADDED from src\main\AndroidManifest.xml:60:9-62:20
	android:name
		ADDED from src\main\AndroidManifest.xml:60:19-106
activity#com.desaco.practiceknowing.native_method.JniThreadActivity
ADDED from src\main\AndroidManifest.xml:63:9-65:20
	android:name
		ADDED from src\main\AndroidManifest.xml:63:19-92
activity#com.desaco.practiceknowing.banner.RecyclerViewWithHeaderFootActivity
ADDED from src\main\AndroidManifest.xml:66:9-68:20
	android:name
		ADDED from src\main\AndroidManifest.xml:66:19-102
activity#com.desaco.practiceknowing.task_one.TaskOneActivity
ADDED from src\main\AndroidManifest.xml:70:9-88
	android:name
		ADDED from src\main\AndroidManifest.xml:70:19-85
activity#com.desaco.practiceknowing.task_two.AudioRecordAudioTrackActivity
ADDED from src\main\AndroidManifest.xml:71:9-102
	android:name
		ADDED from src\main\AndroidManifest.xml:71:19-99
activity#com.desaco.practiceknowing.task_three.ActivitySurfaceViewCamera
ADDED from src\main\AndroidManifest.xml:72:9-100
	android:name
		ADDED from src\main\AndroidManifest.xml:72:19-97
activity#com.desaco.practiceknowing.task_three.TextureViewActivity
ADDED from src\main\AndroidManifest.xml:73:9-94
	android:name
		ADDED from src\main\AndroidManifest.xml:73:19-91
activity#com.desaco.practiceknowing.task_five.DrawingGraphicsActivity
ADDED from src\main\AndroidManifest.xml:74:9-97
	android:name
		ADDED from src\main\AndroidManifest.xml:74:19-94
activity#com.desaco.practiceknowing.task_four.VideoAudioProcessActivity
ADDED from src\main\AndroidManifest.xml:76:9-99
	android:name
		ADDED from src\main\AndroidManifest.xml:76:19-96
activity#com.desaco.practiceknowing.task_four.VideoAudioProcessActivity2
ADDED from src\main\AndroidManifest.xml:78:9-100
	android:name
		ADDED from src\main\AndroidManifest.xml:78:19-97
activity#com.desaco.practiceknowing.fragment.TestTreadPoolViewPagerActivity
ADDED from src\main\AndroidManifest.xml:80:9-82:20
	android:name
		ADDED from src\main\AndroidManifest.xml:80:19-100
activity#com.desaco.practiceknowing.view_conflict.ScrollViewWebViewActivity
ADDED from src\main\AndroidManifest.xml:84:9-86:20
	android:name
		ADDED from src\main\AndroidManifest.xml:84:19-100
activity#com.desaco.practiceknowing.view_conflict.ScrollViewRecyclerViewActivityFrg
ADDED from src\main\AndroidManifest.xml:88:9-90:20
	android:name
		ADDED from src\main\AndroidManifest.xml:88:19-108
activity#com.desaco.practiceknowing.data_parse.DataParseActivity
ADDED from src\main\AndroidManifest.xml:92:9-94:20
	android:name
		ADDED from src\main\AndroidManifest.xml:92:19-89
activity#com.desaco.practiceknowing.audio_video_api.VideoViewMediaControlActivity
ADDED from src\main\AndroidManifest.xml:96:9-118
	android:name
		ADDED from src\main\AndroidManifest.xml:96:19-106
activity#com.desaco.practiceknowing.audio_video_api.MediaPlayerMediaControlActivity
ADDED from src\main\AndroidManifest.xml:98:9-100:20
	android:name
		ADDED from src\main\AndroidManifest.xml:98:19-108
activity#com.desaco.practiceknowing.activity.ObserverScrollViewActivity
ADDED from src\main\AndroidManifest.xml:101:9-103:20
	android:name
		ADDED from src\main\AndroidManifest.xml:101:19-96
activity#com.desaco.practiceknowing.banner.myBanner.BannerMainActivity
ADDED from src\main\AndroidManifest.xml:105:9-107:20
	android:name
		ADDED from src\main\AndroidManifest.xml:105:19-95
activity#com.desaco.practiceknowing.tab_architecture.FourTabActivity
ADDED from src\main\AndroidManifest.xml:108:9-114:20
	android:name
		ADDED from src\main\AndroidManifest.xml:108:19-93
uses-sdk
INJECTED from src\main\AndroidManifest.xml reason: use-sdk injection requested
INJECTED from src\main\AndroidManifest.xml
INJECTED from src\main\AndroidManifest.xml
MERGED from [com.android.support.constraint:constraint-layout:1.0.0-beta3] AndroidManifest.xml:5:5-7:41
MERGED from [com.android.support.constraint:constraint-layout:1.0.0-beta3] AndroidManifest.xml:5:5-7:41
MERGED from [com.android.support:recyclerview-v7:24.1.1] AndroidManifest.xml:20:5-43
MERGED from [com.android.support:recyclerview-v7:24.1.1] AndroidManifest.xml:20:5-43
MERGED from [com.android.support:support-v4:25.3.1] AndroidManifest.xml:21:5-23:54
MERGED from [com.android.support:support-v4:25.3.1] AndroidManifest.xml:21:5-23:54
MERGED from [com.android.support:support-fragment:25.3.1] AndroidManifest.xml:21:5-23:60
MERGED from [com.android.support:support-fragment:25.3.1] AndroidManifest.xml:21:5-23:60
MERGED from [com.android.support:support-media-compat:25.3.1] AndroidManifest.xml:21:5-23:63
MERGED from [com.android.support:support-media-compat:25.3.1] AndroidManifest.xml:21:5-23:63
MERGED from [com.android.support:support-core-utils:25.3.1] AndroidManifest.xml:21:5-23:61
MERGED from [com.android.support:support-core-utils:25.3.1] AndroidManifest.xml:21:5-23:61
MERGED from [com.android.support:support-core-ui:25.3.1] AndroidManifest.xml:21:5-23:58
MERGED from [com.android.support:support-core-ui:25.3.1] AndroidManifest.xml:21:5-23:58
MERGED from [com.android.support:support-compat:25.3.1] AndroidManifest.xml:21:5-23:58
MERGED from [com.android.support:support-compat:25.3.1] AndroidManifest.xml:21:5-23:58
INJECTED from src\main\AndroidManifest.xml
INJECTED from src\main\AndroidManifest.xml
	tools:overrideLibrary
		ADDED from [com.android.support:support-v4:25.3.1] AndroidManifest.xml:23:9-51
	android:targetSdkVersion
		INJECTED from src\main\AndroidManifest.xml
		ADDED from src\main\AndroidManifest.xml
		INJECTED from src\main\AndroidManifest.xml
	android:minSdkVersion
		INJECTED from src\main\AndroidManifest.xml
		ADDED from src\main\AndroidManifest.xml
		INJECTED from src\main\AndroidManifest.xml
meta-data#android.support.VERSION
ADDED from [com.android.support:support-v4:25.3.1] AndroidManifest.xml:25:5-27:34
MERGED from [com.android.support:support-fragment:25.3.1] AndroidManifest.xml:25:5-27:34
MERGED from [com.android.support:support-fragment:25.3.1] AndroidManifest.xml:25:5-27:34
MERGED from [com.android.support:support-media-compat:25.3.1] AndroidManifest.xml:25:5-27:34
MERGED from [com.android.support:support-media-compat:25.3.1] AndroidManifest.xml:25:5-27:34
MERGED from [com.android.support:support-core-utils:25.3.1] AndroidManifest.xml:25:5-27:34
MERGED from [com.android.support:support-core-utils:25.3.1] AndroidManifest.xml:25:5-27:34
MERGED from [com.android.support:support-core-ui:25.3.1] AndroidManifest.xml:25:5-27:34
MERGED from [com.android.support:support-core-ui:25.3.1] AndroidManifest.xml:25:5-27:34
MERGED from [com.android.support:support-compat:25.3.1] AndroidManifest.xml:25:5-27:34
MERGED from [com.android.support:support-compat:25.3.1] AndroidManifest.xml:25:5-27:34
	android:value
		ADDED from [com.android.support:support-v4:25.3.1] AndroidManifest.xml:27:9-31
	android:name
		ADDED from [com.android.support:support-v4:25.3.1] AndroidManifest.xml:26:9-47